2019-05-31T08:12:27.736Z - normal: Load ~/.CocosCreator/settings.json
2019-05-31T08:12:28.871Z - normal: Initializing Asset Database
2019-05-31T08:12:28.875Z - normal: checking language setting...
2019-05-31T08:12:28.875Z - normal: Language: zh
2019-05-31T08:12:29.520Z - success: preview server running at http://localhost:7456
2019-05-31T08:12:29.523Z - success: protocol editor-framework registered
2019-05-31T08:12:29.523Z - success: protocol app registered
2019-05-31T08:12:29.523Z - success: protocol theme registered
2019-05-31T08:12:29.523Z - success: protocol packages registered
2019-05-31T08:12:29.523Z - success: protocol uuid registerred
2019-05-31T08:12:29.523Z - success: protocol db registerred
2019-05-31T08:12:29.523Z - success: protocol thumbnail registerred
2019-05-31T08:12:29.523Z - success: protocol unpack registerred
2019-05-31T08:12:29.523Z - success: protocol disable-commonjs registerred
2019-05-31T08:12:29.727Z - normal: connected!
2019-05-31T08:12:29.728Z - normal: Check project D:\BuildingGuard
2019-05-31T08:12:29.729Z - normal: Initializing project D:\BuildingGuard
2019-05-31T08:12:30.371Z - normal: Initializing Cocos2d
2019-05-31T08:12:31.054Z - normal: Initializing engine extends
2019-05-31T08:12:31.072Z - success: asset-db-debugger loaded
2019-05-31T08:12:31.073Z - success: code-editor loaded
2019-05-31T08:12:31.074Z - success: color-picker loaded
2019-05-31T08:12:31.160Z - success: fb-audience-network loaded
2019-05-31T08:12:31.208Z - success: fb-live-stream loaded
2019-05-31T08:12:31.211Z - success: google-play-instant loaded
2019-05-31T08:12:31.215Z - success: huawei-runtime loaded
2019-05-31T08:12:31.215Z - success: jsb-adapter loaded
2019-05-31T08:12:31.218Z - success: oppo-runtime loaded
2019-05-31T08:12:31.220Z - success: package-manager loaded
2019-05-31T08:12:31.338Z - success: qqplay-adapter loaded
2019-05-31T08:12:31.339Z - success: runtime-dev-tools loaded
2019-05-31T08:12:31.342Z - success: sdkbox loaded
2019-05-31T08:12:31.344Z - success: tester loaded
2019-05-31T08:12:31.346Z - success: ui-grid loaded
2019-05-31T08:12:31.347Z - success: ui-kit-preview-extra loaded
2019-05-31T08:12:31.349Z - success: ui-kit-preview loaded
2019-05-31T08:12:31.350Z - success: ui-kit loaded
2019-05-31T08:12:31.351Z - success: ui-tree loaded
2019-05-31T08:12:31.354Z - success: vivo-runtime loaded
2019-05-31T08:12:31.355Z - success: weapp-adapter loaded
2019-05-31T08:12:31.419Z - success: assets loaded
2019-05-31T08:12:31.421Z - success: builder loaded
2019-05-31T08:12:31.682Z - success: cocos-services loaded
2019-05-31T08:12:31.685Z - success: console loaded
2019-05-31T08:12:31.727Z - success: fb-instant-games loaded
2019-05-31T08:12:31.729Z - success: google-instant-games loaded
2019-05-31T08:12:31.733Z - success: hierarchy loaded
2019-05-31T08:12:31.735Z - success: inspector loaded
2019-05-31T08:12:31.736Z - success: keystore loaded
2019-05-31T08:12:31.739Z - success: node-library loaded
2019-05-31T08:12:31.740Z - success: package-asset loaded
2019-05-31T08:12:31.741Z - success: preferences loaded
2019-05-31T08:12:31.742Z - success: project-exporter loaded
2019-05-31T08:12:31.743Z - success: project-importer loaded
2019-05-31T08:12:31.745Z - success: project-settings loaded
2019-05-31T08:12:31.749Z - success: scene loaded
2019-05-31T08:12:31.749Z - success: simulator-debugger loaded
2019-05-31T08:12:31.750Z - success: sprite-editor loaded
2019-05-31T08:12:31.753Z - success: store loaded
2019-05-31T08:12:31.756Z - success: timeline loaded
2019-05-31T08:12:36.540Z - normal: Loading packages
2019-05-31T08:12:36.545Z - normal: Watching packages
2019-05-31T08:12:36.925Z - normal: Run Application
2019-05-31T08:12:37.115Z - info: Cocos Services load base data!
2019-05-31T08:12:52.606Z - normal: Start building with options : {
  "actualPlatform": "wechatgame",
  "android-instant": {
    "REMOTE_SERVER_ROOT": "",
    "host": "",
    "pathPattern": "",
    "recordPath": "",
    "scheme": "https",
    "skipRecord": false
  },
  "apiLevel": "",
  "appABIs": [],
  "buildPath": "D:\\BuildingGuard\\build",
  "debug": false,
  "dest": "D:\\BuildingGuard\\build\\wechatgame",
  "embedWebDebugger": false,
  "encryptJs": true,
  "excludeScenes": [
    "864b8f06-6625-4232-9bb8-2c58e8625842"
  ],
  "excludedModules": [],
  "fb-instant-games": {},
  "includeSDKBox": false,
  "inlineSpriteFrames": true,
  "inlineSpriteFrames_native": true,
  "md5Cache": false,
  "mergeStartScene": false,
  "optimizeHotUpdate": false,
  "orientation": {
    "landscapeLeft": true,
    "landscapeRight": true,
    "portrait": false,
    "upsideDown": false
  },
  "packageName": "org.cocos2d.BuildingGuard",
  "platform": "wechatgame",
  "previewHeight": "720",
  "previewWidth": "1280",
  "qqplay": {
    "REMOTE_SERVER_ROOT": "",
    "orientation": "portrait",
    "zip": false
  },
  "scenes": [
    "c8f42caa-09b7-4ce9-ac3d-38ef766b2cb8",
    "395b522f-66d9-4d33-9f69-8555cb075a14"
  ],
  "sourceMaps": false,
  "startScene": "c8f42caa-09b7-4ce9-ac3d-38ef766b2cb8",
  "template": "link",
  "title": "BuildingGuard",
  "useDebugKeystore": true,
  "vsVersion": "auto",
  "webOrientation": "auto",
  "wechatgame": {
    "REMOTE_SERVER_ROOT": "",
    "appid": "wx7b1419ccf8533add",
    "orientation": "portrait",
    "subContext": ""
  },
  "xxteaKey": "91a4120a-be69-4d",
  "zipCompressJs": true,
  "project": "D:\\BuildingGuard",
  "projectName": "BuildingGuard",
  "debugBuildWorker": false
}
2019-05-31T08:12:52.609Z - normal: Building D:\BuildingGuard
2019-05-31T08:12:52.609Z - normal: Destination D:\BuildingGuard\build\wechatgame
2019-05-31T08:12:52.765Z - normal: Delete D:\BuildingGuard\build\wechatgame\subpackages/**/*,D:\BuildingGuard\build\wechatgame\**\*
2019-05-31T08:13:03.396Z - normal: Start building assets
2019-05-31T08:13:03.396Z - normal: Start spawn build-worker
2019-05-31T08:13:04.048Z - normal: Finish spawn build-worker
2019-05-31T08:13:04.048Z - normal: Start init build-worker
2019-05-31T08:13:07.321Z - normal: Finish init build-worker
2019-05-31T08:13:07.321Z - normal: Start build-assets in worker
2019-05-31T08:13:07.667Z - warn: Script attached to "4nail4" in prefab "4nail4.prefab" is missing or invalid. Detailed information:
Node path: "4nail4"
Asset url: "db://assets/prefabs/4nail4.prefab"
Script UUID: "b0348273-a48a-4972-9c7f-b7bb43028692"
Class ID: "b0348JzpIpJcpx/t7tDAoaS"

2019-05-31T08:13:07.848Z - warn: The referenced asset used in "db://assets/prefabs/4nail4.prefab" is not found, it may have been deleted. Detailed information:
Node path: "4nail4/nail1"
Used in Component: "cc.Animation"
uuid: "0a3db614-d6ae-422d-b5e3-f3234bcaedb6"
2019-05-31T08:13:07.918Z - warn: The referenced asset used in "db://assets/prefabs/btn_music.prefab" is not found, it may have been deleted. Detailed information:
Node path: "btn_music"
Used in Component: "cc.AudioSource"
uuid: "19336990-cacb-4877-92a7-bf9acfb5ebbb"
2019-05-31T08:13:08.231Z - normal: Finish build-assets in worker
2019-05-31T08:13:08.237Z - normal: Finish building assets
2019-05-31T08:13:08.274Z - normal: Start building plugin scripts
2019-05-31T08:13:10.754Z - normal: Finish building plugin scripts
2019-05-31T08:13:10.757Z - normal: Generating main.js from E:\CocosCreator\resources\static\build-templates\shares\main.js
2019-05-31T08:13:12.009Z - normal: Built to "D:\BuildingGuard\build\wechatgame" successfully
2019-05-31T08:13:14.493Z - normal: Initializing...

2019-05-31T08:13:14.497Z - normal: idePortFile: C:\Users\kio\AppData\Local\微信web开发者工具\User Data\Default\.ide

2019-05-31T08:13:15.508Z - normal: starting ide...

2019-05-31T08:13:18.382Z - normal: IDE server has started, listening on http://127.0.0.1:59728

2019-05-31T08:13:18.385Z - normal: initialization finished

2019-05-31T08:13:19.013Z - normal: open IDE success

2019-05-31T09:20:48.117Z - success: huawei-runtime unloaded
2019-05-31T09:20:48.120Z - success: oppo-runtime unloaded
2019-05-31T09:20:48.120Z - success: vivo-runtime unloaded
2019-05-31T09:20:48.126Z - success: huawei-runtime loaded
2019-05-31T09:20:48.126Z - success: oppo-runtime loaded
2019-05-31T09:20:48.126Z - success: vivo-runtime loaded
2019-05-31T09:20:48.176Z - success: huawei-runtime unloaded
2019-05-31T09:20:48.177Z - success: oppo-runtime unloaded
2019-05-31T09:20:48.177Z - success: vivo-runtime unloaded
2019-05-31T09:20:48.178Z - success: huawei-runtime loaded
2019-05-31T09:20:48.178Z - success: oppo-runtime loaded
2019-05-31T09:20:48.178Z - success: vivo-runtime loaded
2019-05-31T09:20:49.991Z - normal: Start building with options : {
  "actualPlatform": "wechatgame",
  "android-instant": {
    "REMOTE_SERVER_ROOT": "",
    "host": "",
    "pathPattern": "",
    "recordPath": "",
    "scheme": "https",
    "skipRecord": false
  },
  "apiLevel": "",
  "appABIs": [],
  "buildPath": "D:\\BuildingGuard\\build",
  "debug": false,
  "dest": "D:\\BuildingGuard\\build\\wechatgame",
  "embedWebDebugger": false,
  "encryptJs": true,
  "excludeScenes": [
    "864b8f06-6625-4232-9bb8-2c58e8625842"
  ],
  "excludedModules": [],
  "fb-instant-games": {},
  "includeSDKBox": false,
  "inlineSpriteFrames": true,
  "inlineSpriteFrames_native": true,
  "md5Cache": false,
  "mergeStartScene": false,
  "optimizeHotUpdate": false,
  "orientation": {
    "landscapeLeft": true,
    "landscapeRight": true,
    "portrait": false,
    "upsideDown": false
  },
  "packageName": "org.cocos2d.BuildingGuard",
  "platform": "wechatgame",
  "previewHeight": "720",
  "previewWidth": "1280",
  "qqplay": {
    "REMOTE_SERVER_ROOT": "",
    "orientation": "portrait",
    "zip": false
  },
  "scenes": [
    "c8f42caa-09b7-4ce9-ac3d-38ef766b2cb8",
    "395b522f-66d9-4d33-9f69-8555cb075a14"
  ],
  "sourceMaps": false,
  "startScene": "c8f42caa-09b7-4ce9-ac3d-38ef766b2cb8",
  "template": "link",
  "title": "BuildingGuard",
  "useDebugKeystore": true,
  "vsVersion": "auto",
  "webOrientation": "auto",
  "wechatgame": {
    "REMOTE_SERVER_ROOT": "",
    "appid": "wx7b1419ccf8533add",
    "orientation": "portrait",
    "subContext": ""
  },
  "xxteaKey": "91a4120a-be69-4d",
  "zipCompressJs": true,
  "project": "D:\\BuildingGuard",
  "projectName": "BuildingGuard",
  "debugBuildWorker": false
}
2019-05-31T09:20:49.993Z - normal: Building D:\BuildingGuard
2019-05-31T09:20:49.993Z - normal: Destination D:\BuildingGuard\build\wechatgame
2019-05-31T09:20:49.994Z - normal: Delete D:\BuildingGuard\build\wechatgame\subpackages/**/*,D:\BuildingGuard\build\wechatgame\**\*
2019-05-31T09:21:00.796Z - normal: Start building assets
2019-05-31T09:21:00.796Z - normal: Start spawn build-worker
2019-05-31T09:21:01.442Z - normal: Finish spawn build-worker
2019-05-31T09:21:01.442Z - normal: Start init build-worker
2019-05-31T09:21:04.711Z - normal: Finish init build-worker
2019-05-31T09:21:04.711Z - normal: Start build-assets in worker
2019-05-31T09:21:05.056Z - warn: Script attached to "4nail4" in prefab "4nail4.prefab" is missing or invalid. Detailed information:
Node path: "4nail4"
Asset url: "db://assets/prefabs/4nail4.prefab"
Script UUID: "b0348273-a48a-4972-9c7f-b7bb43028692"
Class ID: "b0348JzpIpJcpx/t7tDAoaS"

2019-05-31T09:21:05.242Z - warn: The referenced asset used in "db://assets/prefabs/4nail4.prefab" is not found, it may have been deleted. Detailed information:
Node path: "4nail4/nail1"
Used in Component: "cc.Animation"
uuid: "0a3db614-d6ae-422d-b5e3-f3234bcaedb6"
2019-05-31T09:21:05.315Z - warn: The referenced asset used in "db://assets/prefabs/btn_music.prefab" is not found, it may have been deleted. Detailed information:
Node path: "btn_music"
Used in Component: "cc.AudioSource"
uuid: "19336990-cacb-4877-92a7-bf9acfb5ebbb"
2019-05-31T09:21:05.637Z - normal: Finish build-assets in worker
2019-05-31T09:21:05.643Z - normal: Finish building assets
2019-05-31T09:21:05.682Z - normal: Start building plugin scripts
2019-05-31T09:21:07.775Z - normal: Finish building plugin scripts
2019-05-31T09:21:07.778Z - normal: Generating main.js from E:\CocosCreator\resources\static\build-templates\shares\main.js
2019-05-31T09:21:08.274Z - success: weapp-adapter unloaded
2019-05-31T09:21:08.275Z - success: weapp-adapter loaded
2019-05-31T09:21:08.912Z - normal: Built to "D:\BuildingGuard\build\wechatgame" successfully
2019-05-31T09:21:11.677Z - normal: Initializing...

2019-05-31T09:21:11.681Z - normal: idePortFile: C:\Users\kio\AppData\Local\微信web开发者工具\User Data\Default\.ide

2019-05-31T09:21:12.693Z - normal: starting ide...

2019-05-31T09:21:16.110Z - normal: IDE server has started, listening on http://127.0.0.1:40225

2019-05-31T09:21:16.112Z - normal: initialization finished

2019-05-31T09:21:16.853Z - normal: open IDE success

2019-05-31T10:34:34.097Z - success: huawei-runtime unloaded
2019-05-31T10:34:34.099Z - success: oppo-runtime unloaded
2019-05-31T10:34:34.099Z - success: vivo-runtime unloaded
2019-05-31T10:34:34.105Z - success: huawei-runtime loaded
2019-05-31T10:34:34.105Z - success: oppo-runtime loaded
2019-05-31T10:34:34.105Z - success: vivo-runtime loaded
2019-05-31T10:34:34.158Z - success: huawei-runtime unloaded
2019-05-31T10:34:34.158Z - success: oppo-runtime unloaded
2019-05-31T10:34:34.158Z - success: vivo-runtime unloaded
2019-05-31T10:34:34.160Z - success: huawei-runtime loaded
2019-05-31T10:34:34.160Z - success: oppo-runtime loaded
2019-05-31T10:34:34.160Z - success: vivo-runtime loaded
2019-05-31T10:34:35.381Z - normal: Start building with options : {
  "actualPlatform": "wechatgame",
  "android-instant": {
    "REMOTE_SERVER_ROOT": "",
    "host": "",
    "pathPattern": "",
    "recordPath": "",
    "scheme": "https",
    "skipRecord": false
  },
  "apiLevel": "",
  "appABIs": [],
  "buildPath": "D:\\BuildingGuard\\build",
  "debug": false,
  "dest": "D:\\BuildingGuard\\build\\wechatgame",
  "embedWebDebugger": false,
  "encryptJs": true,
  "excludeScenes": [
    "864b8f06-6625-4232-9bb8-2c58e8625842"
  ],
  "excludedModules": [],
  "fb-instant-games": {},
  "includeSDKBox": false,
  "inlineSpriteFrames": true,
  "inlineSpriteFrames_native": true,
  "md5Cache": false,
  "mergeStartScene": false,
  "optimizeHotUpdate": false,
  "orientation": {
    "landscapeLeft": true,
    "landscapeRight": true,
    "portrait": false,
    "upsideDown": false
  },
  "packageName": "org.cocos2d.BuildingGuard",
  "platform": "wechatgame",
  "previewHeight": "720",
  "previewWidth": "1280",
  "qqplay": {
    "REMOTE_SERVER_ROOT": "",
    "orientation": "portrait",
    "zip": false
  },
  "scenes": [
    "c8f42caa-09b7-4ce9-ac3d-38ef766b2cb8",
    "395b522f-66d9-4d33-9f69-8555cb075a14"
  ],
  "sourceMaps": false,
  "startScene": "c8f42caa-09b7-4ce9-ac3d-38ef766b2cb8",
  "template": "link",
  "title": "BuildingGuard",
  "useDebugKeystore": true,
  "vsVersion": "auto",
  "webOrientation": "auto",
  "wechatgame": {
    "REMOTE_SERVER_ROOT": "",
    "appid": "wx7b1419ccf8533add",
    "orientation": "portrait",
    "subContext": ""
  },
  "xxteaKey": "91a4120a-be69-4d",
  "zipCompressJs": true,
  "project": "D:\\BuildingGuard",
  "projectName": "BuildingGuard",
  "debugBuildWorker": false
}
2019-05-31T10:34:35.383Z - normal: Building D:\BuildingGuard
2019-05-31T10:34:35.383Z - normal: Destination D:\BuildingGuard\build\wechatgame
2019-05-31T10:34:35.384Z - normal: Delete D:\BuildingGuard\build\wechatgame\subpackages/**/*,D:\BuildingGuard\build\wechatgame\**\*
2019-05-31T10:34:46.169Z - normal: Start building assets
2019-05-31T10:34:46.169Z - normal: Start spawn build-worker
2019-05-31T10:34:46.816Z - normal: Finish spawn build-worker
2019-05-31T10:34:46.817Z - normal: Start init build-worker
2019-05-31T10:34:50.067Z - normal: Finish init build-worker
2019-05-31T10:34:50.067Z - normal: Start build-assets in worker
2019-05-31T10:34:50.625Z - warn: Script attached to "4nail4" in prefab "4nail4.prefab" is missing or invalid. Detailed information:
Node path: "4nail4"
Asset url: "db://assets/prefabs/4nail4.prefab"
Script UUID: "b0348273-a48a-4972-9c7f-b7bb43028692"
Class ID: "b0348JzpIpJcpx/t7tDAoaS"

2019-05-31T10:34:50.827Z - warn: The referenced asset used in "db://assets/prefabs/4nail4.prefab" is not found, it may have been deleted. Detailed information:
Node path: "4nail4/nail1"
Used in Component: "cc.Animation"
uuid: "0a3db614-d6ae-422d-b5e3-f3234bcaedb6"
2019-05-31T10:34:50.880Z - warn: The referenced asset used in "db://assets/prefabs/btn_music.prefab" is not found, it may have been deleted. Detailed information:
Node path: "btn_music"
Used in Component: "cc.AudioSource"
uuid: "19336990-cacb-4877-92a7-bf9acfb5ebbb"
2019-05-31T10:34:51.193Z - normal: Finish build-assets in worker
2019-05-31T10:34:51.202Z - normal: Finish building assets
2019-05-31T10:34:51.240Z - normal: Start building plugin scripts
2019-05-31T10:34:53.510Z - normal: Finish building plugin scripts
2019-05-31T10:34:53.513Z - normal: Generating main.js from E:\CocosCreator\resources\static\build-templates\shares\main.js
2019-05-31T10:34:54.160Z - success: weapp-adapter unloaded
2019-05-31T10:34:54.161Z - success: weapp-adapter loaded
2019-05-31T10:34:54.630Z - normal: Built to "D:\BuildingGuard\build\wechatgame" successfully
2019-05-31T10:35:52.221Z - normal: Initializing...

2019-05-31T10:35:52.226Z - normal: idePortFile: C:\Users\kio\AppData\Local\微信web开发者工具\User Data\Default\.ide

2019-05-31T10:35:53.243Z - normal: starting ide...

2019-05-31T10:35:57.082Z - normal: IDE server has started, listening on http://127.0.0.1:41775

2019-05-31T10:35:57.085Z - normal: initialization finished

2019-05-31T10:35:57.803Z - normal: open IDE success

2019-05-31T10:37:08.960Z - normal: Start building with options : {
  "actualPlatform": "wechatgame",
  "android-instant": {
    "REMOTE_SERVER_ROOT": "",
    "host": "",
    "pathPattern": "",
    "recordPath": "",
    "scheme": "https",
    "skipRecord": false
  },
  "apiLevel": "",
  "appABIs": [],
  "buildPath": "D:\\BuildingGuard\\build",
  "debug": false,
  "dest": "D:\\BuildingGuard\\build\\wechatgame",
  "embedWebDebugger": false,
  "encryptJs": true,
  "excludeScenes": [
    "864b8f06-6625-4232-9bb8-2c58e8625842"
  ],
  "excludedModules": [],
  "fb-instant-games": {},
  "includeSDKBox": false,
  "inlineSpriteFrames": true,
  "inlineSpriteFrames_native": true,
  "md5Cache": false,
  "mergeStartScene": false,
  "optimizeHotUpdate": false,
  "orientation": {
    "landscapeLeft": true,
    "landscapeRight": true,
    "portrait": false,
    "upsideDown": false
  },
  "packageName": "org.cocos2d.BuildingGuard",
  "platform": "wechatgame",
  "previewHeight": "720",
  "previewWidth": "1280",
  "qqplay": {
    "REMOTE_SERVER_ROOT": "",
    "orientation": "portrait",
    "zip": false
  },
  "scenes": [
    "c8f42caa-09b7-4ce9-ac3d-38ef766b2cb8",
    "395b522f-66d9-4d33-9f69-8555cb075a14"
  ],
  "sourceMaps": false,
  "startScene": "c8f42caa-09b7-4ce9-ac3d-38ef766b2cb8",
  "template": "link",
  "title": "BuildingGuard",
  "useDebugKeystore": true,
  "vsVersion": "auto",
  "webOrientation": "auto",
  "wechatgame": {
    "REMOTE_SERVER_ROOT": "",
    "appid": "wx7b1419ccf8533add",
    "orientation": "portrait",
    "subContext": ""
  },
  "xxteaKey": "91a4120a-be69-4d",
  "zipCompressJs": true,
  "project": "D:\\BuildingGuard",
  "projectName": "BuildingGuard",
  "debugBuildWorker": false
}
2019-05-31T10:37:08.962Z - normal: Building D:\BuildingGuard
2019-05-31T10:37:08.962Z - normal: Destination D:\BuildingGuard\build\wechatgame
2019-05-31T10:37:08.964Z - normal: Delete D:\BuildingGuard\build\wechatgame\subpackages/**/*,D:\BuildingGuard\build\wechatgame\**\*
2019-05-31T10:37:19.658Z - normal: Start building assets
2019-05-31T10:37:19.658Z - normal: Start spawn build-worker
2019-05-31T10:37:20.305Z - normal: Finish spawn build-worker
2019-05-31T10:37:20.305Z - normal: Start init build-worker
2019-05-31T10:37:23.543Z - normal: Finish init build-worker
2019-05-31T10:37:23.543Z - normal: Start build-assets in worker
2019-05-31T10:37:23.894Z - warn: Script attached to "4nail4" in prefab "4nail4.prefab" is missing or invalid. Detailed information:
Node path: "4nail4"
Asset url: "db://assets/prefabs/4nail4.prefab"
Script UUID: "b0348273-a48a-4972-9c7f-b7bb43028692"
Class ID: "b0348JzpIpJcpx/t7tDAoaS"

2019-05-31T10:37:24.072Z - warn: The referenced asset used in "db://assets/prefabs/4nail4.prefab" is not found, it may have been deleted. Detailed information:
Node path: "4nail4/nail1"
Used in Component: "cc.Animation"
uuid: "0a3db614-d6ae-422d-b5e3-f3234bcaedb6"
2019-05-31T10:37:24.153Z - warn: The referenced asset used in "db://assets/prefabs/btn_music.prefab" is not found, it may have been deleted. Detailed information:
Node path: "btn_music"
Used in Component: "cc.AudioSource"
uuid: "19336990-cacb-4877-92a7-bf9acfb5ebbb"
2019-05-31T10:37:24.505Z - normal: Finish build-assets in worker
2019-05-31T10:37:24.516Z - normal: Finish building assets
2019-05-31T10:37:24.553Z - normal: Start building plugin scripts
2019-05-31T10:37:26.820Z - normal: Finish building plugin scripts
2019-05-31T10:37:26.826Z - normal: Generating main.js from E:\CocosCreator\resources\static\build-templates\shares\main.js
2019-05-31T10:37:27.671Z - normal: Built to "D:\BuildingGuard\build\wechatgame" successfully
2019-05-31T10:37:34.767Z - normal: Initializing...

2019-05-31T10:37:34.772Z - normal: idePortFile: C:\Users\kio\AppData\Local\微信web开发者工具\User Data\Default\.ide

2019-05-31T10:37:35.784Z - normal: starting ide...

2019-05-31T10:37:39.986Z - normal: IDE server has started, listening on http://127.0.0.1:10184

2019-05-31T10:37:39.988Z - normal: initialization finished

2019-05-31T10:37:40.591Z - normal: open IDE success

2019-05-31T10:39:58.047Z - normal: Initializing...

2019-05-31T10:39:58.052Z - normal: idePortFile: C:\Users\kio\AppData\Local\微信web开发者工具\User Data\Default\.ide

2019-05-31T10:39:59.064Z - normal: starting ide...

2019-05-31T10:40:02.263Z - normal: IDE server has started, listening on http://127.0.0.1:27496

2019-05-31T10:40:02.266Z - normal: initialization finished

2019-05-31T10:40:02.907Z - normal: open IDE success

2019-05-31T10:42:19.263Z - normal: Initializing...

2019-05-31T10:42:19.267Z - normal: idePortFile: C:\Users\kio\AppData\Local\微信web开发者工具\User Data\Default\.ide

2019-05-31T10:42:20.279Z - normal: starting ide...

2019-05-31T10:42:23.873Z - normal: IDE server has started, listening on http://127.0.0.1:18665

2019-05-31T10:42:23.876Z - normal: initialization finished

2019-05-31T10:42:24.461Z - normal: open IDE success

2019-05-31T10:44:38.001Z - normal: Initializing...

2019-05-31T10:44:38.006Z - normal: idePortFile: C:\Users\kio\AppData\Local\微信web开发者工具\User Data\Default\.ide

2019-05-31T10:44:39.089Z - normal: starting ide...

2019-05-31T10:44:42.390Z - normal: IDE server has started, listening on http://127.0.0.1:19853

2019-05-31T10:44:42.392Z - normal: initialization finished

2019-05-31T10:44:43.003Z - normal: open IDE success

2019-05-31T10:45:53.512Z - normal: Initializing...

2019-05-31T10:45:53.519Z - normal: idePortFile: C:\Users\kio\AppData\Local\微信web开发者工具\User Data\Default\.ide

2019-05-31T10:45:53.537Z - normal: IDE server has started, listening on http://127.0.0.1:19853
initialization finished

2019-05-31T10:45:54.278Z - normal: open IDE success

2019-05-31T10:46:17.628Z - normal: Start building with options : {
  "actualPlatform": "wechatgame",
  "android-instant": {
    "REMOTE_SERVER_ROOT": "",
    "host": "",
    "pathPattern": "",
    "recordPath": "",
    "scheme": "https",
    "skipRecord": false
  },
  "apiLevel": "",
  "appABIs": [],
  "buildPath": "D:\\BuildingGuard\\build",
  "debug": false,
  "dest": "D:\\BuildingGuard\\build\\wechatgame",
  "embedWebDebugger": false,
  "encryptJs": true,
  "excludeScenes": [
    "864b8f06-6625-4232-9bb8-2c58e8625842"
  ],
  "excludedModules": [],
  "fb-instant-games": {},
  "includeSDKBox": false,
  "inlineSpriteFrames": true,
  "inlineSpriteFrames_native": true,
  "md5Cache": false,
  "mergeStartScene": false,
  "optimizeHotUpdate": false,
  "orientation": {
    "landscapeLeft": true,
    "landscapeRight": true,
    "portrait": false,
    "upsideDown": false
  },
  "packageName": "org.cocos2d.BuildingGuard",
  "platform": "wechatgame",
  "previewHeight": "720",
  "previewWidth": "1280",
  "qqplay": {
    "REMOTE_SERVER_ROOT": "",
    "orientation": "portrait",
    "zip": false
  },
  "scenes": [
    "c8f42caa-09b7-4ce9-ac3d-38ef766b2cb8",
    "395b522f-66d9-4d33-9f69-8555cb075a14"
  ],
  "sourceMaps": false,
  "startScene": "c8f42caa-09b7-4ce9-ac3d-38ef766b2cb8",
  "template": "link",
  "title": "BuildingGuard",
  "useDebugKeystore": true,
  "vsVersion": "auto",
  "webOrientation": "auto",
  "wechatgame": {
    "REMOTE_SERVER_ROOT": "",
    "appid": "wx7b1419ccf8533add",
    "orientation": "portrait",
    "subContext": ""
  },
  "xxteaKey": "91a4120a-be69-4d",
  "zipCompressJs": true,
  "project": "D:\\BuildingGuard",
  "projectName": "BuildingGuard",
  "debugBuildWorker": false
}
2019-05-31T10:46:17.630Z - normal: Building D:\BuildingGuard
2019-05-31T10:46:17.631Z - normal: Destination D:\BuildingGuard\build\wechatgame
2019-05-31T10:46:17.632Z - normal: Delete D:\BuildingGuard\build\wechatgame\subpackages/**/*,D:\BuildingGuard\build\wechatgame\**\*
2019-05-31T10:46:29.105Z - normal: Start building assets
2019-05-31T10:46:29.105Z - normal: Start spawn build-worker
2019-05-31T10:46:29.831Z - normal: Finish spawn build-worker
2019-05-31T10:46:29.831Z - normal: Start init build-worker
2019-05-31T10:46:33.083Z - normal: Finish init build-worker
2019-05-31T10:46:33.083Z - normal: Start build-assets in worker
2019-05-31T10:46:33.435Z - warn: Script attached to "4nail4" in prefab "4nail4.prefab" is missing or invalid. Detailed information:
Node path: "4nail4"
Asset url: "db://assets/prefabs/4nail4.prefab"
Script UUID: "b0348273-a48a-4972-9c7f-b7bb43028692"
Class ID: "b0348JzpIpJcpx/t7tDAoaS"

2019-05-31T10:46:33.611Z - warn: The referenced asset used in "db://assets/prefabs/4nail4.prefab" is not found, it may have been deleted. Detailed information:
Node path: "4nail4/nail1"
Used in Component: "cc.Animation"
uuid: "0a3db614-d6ae-422d-b5e3-f3234bcaedb6"
2019-05-31T10:46:33.689Z - warn: The referenced asset used in "db://assets/prefabs/btn_music.prefab" is not found, it may have been deleted. Detailed information:
Node path: "btn_music"
Used in Component: "cc.AudioSource"
uuid: "19336990-cacb-4877-92a7-bf9acfb5ebbb"
2019-05-31T10:46:34.319Z - normal: Finish build-assets in worker
2019-05-31T10:46:34.324Z - normal: Finish building assets
2019-05-31T10:46:34.367Z - normal: Start building plugin scripts
2019-05-31T10:46:36.633Z - normal: Finish building plugin scripts
2019-05-31T10:46:36.637Z - normal: Generating main.js from E:\CocosCreator\resources\static\build-templates\shares\main.js
2019-05-31T10:46:37.552Z - normal: Built to "D:\BuildingGuard\build\wechatgame" successfully
2019-05-31T10:46:47.523Z - normal: Initializing...

2019-05-31T10:46:47.528Z - normal: idePortFile: C:\Users\kio\AppData\Local\微信web开发者工具\User Data\Default\.ide

2019-05-31T10:46:48.621Z - normal: starting ide...

2019-05-31T10:46:52.132Z - normal: IDE server has started, listening on http://127.0.0.1:54114

2019-05-31T10:46:52.135Z - normal: initialization finished

2019-05-31T10:46:52.741Z - normal: open IDE success

2019-05-31T11:50:17.711Z - info: shutdown preview server
